Using pre-set license
Built from '2020.3/staging' branch; Version is '2020.3.14f1 (d0d1bb862f9d) revision 13685179'; Using compiler version '192528614'; Build Type 'Release'
OS: 'Windows 10 Enterprise; OS build 19042.1469; Version 2009; 64bit' Language: 'en' Physical Memory: 16292 MB
BatchMode: 1, IsHumanControllingUs: 0, StartBugReporterOnCrash: 0, Is64bit: 1, IsPro: 0

 COMMAND LINE ARGUMENTS:
C:\Program Files\Unity\Editor\Unity.exe
-adb2
-batchMode
-noUpm
-name
AssetImportWorker0
-projectPath
C:/CS/TETRIS
-logFile
Logs/AssetImportWorker0.log
-srvPort
49988
Successfully changed project path to: C:/CS/TETRIS
C:/CS/TETRIS
Using Asset Import Pipeline V2.
Refreshing native plugins compatible for Editor in 27.01 ms, found 2 plugins.
Preloading 0 native plugins for Editor in 0.00 ms.
Initialize engine version: 2020.3.14f1 (d0d1bb862f9d)
[Subsystems] Discovering subsystems at path C:/Program Files/Unity/Editor/Data/Resources/UnitySubsystems
[Subsystems] Discovering subsystems at path C:/CS/TETRIS/Assets
GfxDevice: creating device client; threaded=0
Direct3D:
    Version:  Direct3D 11.0 [level 11.1]
    Renderer: Intel(R) HD Graphics 4600 (ID=0x412)
    Vendor:   
    VRAM:     2048 MB
    Driver:   20.19.15.4454
Initialize mono
Mono path[0] = 'C:/Program Files/Unity/Editor/Data/Managed'
Mono path[1] = 'C:/Program Files/Unity/Editor/Data/MonoBleedingEdge/lib/mono/unityjit'
Mono config path = 'C:/Program Files/Unity/Editor/Data/MonoBleedingEdge/etc'
Using monoOptions --debugger-agent=transport=dt_socket,embedding=1,server=y,suspend=n,address=127.0.0.1:56548
Begin MonoManager ReloadAssembly
Registering precompiled unity dll's ...
Register platform support module: C:/Program Files/Unity/Editor/Data/PlaybackEngines/WindowsStandaloneSupport/UnityEditor.WindowsStandalone.Extensions.dll
Registered in 0.001690 seconds.
Native extension for WindowsStandalone target not found
Refreshing native plugins compatible for Editor in 27.23 ms, found 2 plugins.
Preloading 0 native plugins for Editor in 0.00 ms.
Mono: successfully reloaded assembly
- Completed reload, in  1.074 seconds
Domain Reload Profiling:
	ReloadAssembly (1074ms)
		BeginReloadAssembly (59ms)
			ExecutionOrderSort (0ms)
			DisableScriptedObjects (0ms)
			BackupInstance (0ms)
			ReleaseScriptingObjects (0ms)
			CreateAndSetChildDomain (1ms)
		EndReloadAssembly (423ms)
			LoadAssemblies (57ms)
			RebuildTransferFunctionScriptingTraits (0ms)
			SetupTypeCache (163ms)
			ReleaseScriptCaches (0ms)
			RebuildScriptCaches (32ms)
			SetupLoadedEditorAssemblies (157ms)
				LogAssemblyErrors (0ms)
				InitializePlatformSupportModulesInManaged (4ms)
				SetLoadedEditorAssemblies (0ms)
				RefreshPlugins (27ms)
				BeforeProcessingInitializeOnLoad (14ms)
				ProcessInitializeOnLoadAttributes (82ms)
				ProcessInitializeOnLoadMethodAttributes (29ms)
				AfterProcessingInitializeOnLoad (0ms)
				EditorAssembliesLoaded (0ms)
			ExecutionOrderSort2 (0ms)
			AwakeInstancesAfterBackupRestoration (0ms)
Platform modules already initialized, skipping
Registering precompiled user dll's ...
Registered in 0.004405 seconds.
Begin MonoManager ReloadAssembly
Native extension for WindowsStandalone target not found
Refreshing native plugins compatible for Editor in 0.33 ms, found 2 plugins.
Preloading 0 native plugins for Editor in 0.00 ms.
Mono: successfully reloaded assembly
- Completed reload, in  1.026 seconds
Domain Reload Profiling:
	ReloadAssembly (1027ms)
		BeginReloadAssembly (162ms)
			ExecutionOrderSort (0ms)
			DisableScriptedObjects (4ms)
			BackupInstance (0ms)
			ReleaseScriptingObjects (0ms)
			CreateAndSetChildDomain (20ms)
		EndReloadAssembly (803ms)
			LoadAssemblies (92ms)
			RebuildTransferFunctionScriptingTraits (0ms)
			SetupTypeCache (283ms)
			ReleaseScriptCaches (0ms)
			RebuildScriptCaches (41ms)
			SetupLoadedEditorAssemblies (302ms)
				LogAssemblyErrors (0ms)
				InitializePlatformSupportModulesInManaged (5ms)
				SetLoadedEditorAssemblies (0ms)
				RefreshPlugins (0ms)
				BeforeProcessingInitializeOnLoad (92ms)
				ProcessInitializeOnLoadAttributes (194ms)
				ProcessInitializeOnLoadMethodAttributes (4ms)
				AfterProcessingInitializeOnLoad (6ms)
				EditorAssembliesLoaded (0ms)
			ExecutionOrderSort2 (0ms)
			AwakeInstancesAfterBackupRestoration (6ms)
Platform modules already initialized, skipping
========================================================================
Worker process is ready to serve import requests
Launched and connected shader compiler UnityShaderCompiler.exe after 0.07 seconds
Refreshing native plugins compatible for Editor in 0.52 ms, found 2 plugins.
Preloading 0 native plugins for Editor in 0.00 ms.
Unloading 1426 Unused Serialized files (Serialized files now loaded: 0)
System memory in use before: 65.7 MB.
System memory in use after: 65.8 MB.

Unloading 18 unused Assets to reduce memory usage. Loaded Objects now: 1860.
Total: 2.013000 ms (FindLiveObjects: 0.173400 ms CreateObjectMapping: 0.048000 ms MarkObjects: 1.717300 ms  DeleteObjects: 0.073400 ms)

AssetImportParameters requested are different than current active one (requested -> active):
  custom:framework-win-MediaFoundation: 216162199b28c13a410421893ffa2e32 -> 
  custom:video-decoder-ogg-theora: a1e56fd34408186e4bbccfd4996cb3dc -> 
  custom:container-muxer-webm: aa71ff27fc2769a1b78a27578f13a17b -> 
  custom:container-demuxer-webm: 4f35f7cbe854078d1ac9338744f61a02 -> 
  custom:container-demuxer-ogg: 62fdf1f143b41e24485cea50d1cbac27 -> 
  custom:video-encoder-webm-vp8: eb34c28f22e8b96e1ab97ce403110664 -> 
  custom:video-decoder-webm-vp8: 9c59270c3fd7afecdb556c50c9e8de78 -> 
  custom:audio-decoder-ogg-vorbis: bf7c407c2cedff20999df2af8eb42d56 -> 
  custom:audio-encoder-webm-vorbis: bf7c407c2cedff20999df2af8eb42d56 -> 
========================================================================
Received Import Request.
  path: Assets/Block/Block I.prefab
  artifactKey: Guid(5fc51b846aca90b428e612c763184768) Importer(815301076,1909f56bfc062723c751e8b465ee728b)
Start importing Assets/Block/Block I.prefab using Guid(5fc51b846aca90b428e612c763184768) Importer(815301076,1909f56bfc062723c751e8b465ee728b)  -> (artifact id: '86287bfee86686fc1771020a17e1783f') in 0.107590 seconds 
  Import took 0.110258 seconds .

========================================================================
Received Import Request.
  Time since last request: 4.310098 seconds.
  path: Assets/Block/Block I.prefab
  artifactKey: Guid(5fc51b846aca90b428e612c763184768) Importer(815301076,1909f56bfc062723c751e8b465ee728b)
Start importing Assets/Block/Block I.prefab using Guid(5fc51b846aca90b428e612c763184768) Importer(815301076,1909f56bfc062723c751e8b465ee728b)  -> (artifact id: '5c22ba5d1f074e28e0247477bc569f68') in 0.020535 seconds 
  Import took 0.023530 seconds .

========================================================================
Received Import Request.
  Time since last request: 0.172338 seconds.
  path: Assets/Block/Block I.prefab
  artifactKey: Guid(5fc51b846aca90b428e612c763184768) Importer(815301076,1909f56bfc062723c751e8b465ee728b)
Start importing Assets/Block/Block I.prefab using Guid(5fc51b846aca90b428e612c763184768) Importer(815301076,1909f56bfc062723c751e8b465ee728b)  -> (artifact id: 'e1b0678dd6daaab7bee6054b5dc1a44f') in 0.015275 seconds 
  Import took 0.018699 seconds .

========================================================================
Received Import Request.
  Time since last request: 1.405861 seconds.
  path: Assets/Block/Block I.prefab
  artifactKey: Guid(5fc51b846aca90b428e612c763184768) Importer(815301076,1909f56bfc062723c751e8b465ee728b)
Start importing Assets/Block/Block I.prefab using Guid(5fc51b846aca90b428e612c763184768) Importer(815301076,1909f56bfc062723c751e8b465ee728b)  -> (artifact id: '796b37e5c8bfd1d1906e7643dcdeaad6') in 0.016383 seconds 
  Import took 0.019231 seconds .

========================================================================
Received Prepare
Registering precompiled user dll's ...
Registered in 0.005429 seconds.
Begin MonoManager ReloadAssembly
Native extension for WindowsStandalone target not found
Refreshing native plugins compatible for Editor in 0.35 ms, found 2 plugins.
Preloading 0 native plugins for Editor in 0.00 ms.
Mono: successfully reloaded assembly
- Completed reload, in  0.971 seconds
Domain Reload Profiling:
	ReloadAssembly (972ms)
		BeginReloadAssembly (126ms)
			ExecutionOrderSort (0ms)
			DisableScriptedObjects (5ms)
			BackupInstance (0ms)
			ReleaseScriptingObjects (0ms)
			CreateAndSetChildDomain (33ms)
		EndReloadAssembly (776ms)
			LoadAssemblies (97ms)
			RebuildTransferFunctionScriptingTraits (0ms)
			SetupTypeCache (279ms)
			ReleaseScriptCaches (1ms)
			RebuildScriptCaches (41ms)
			SetupLoadedEditorAssemblies (266ms)
				LogAssemblyErrors (0ms)
				InitializePlatformSupportModulesInManaged (5ms)
				SetLoadedEditorAssemblies (0ms)
				RefreshPlugins (0ms)
				BeforeProcessingInitializeOnLoad (73ms)
				ProcessInitializeOnLoadAttributes (177ms)
				ProcessInitializeOnLoadMethodAttributes (4ms)
				AfterProcessingInitializeOnLoad (6ms)
				EditorAssembliesLoaded (0ms)
			ExecutionOrderSort2 (0ms)
			AwakeInstancesAfterBackupRestoration (7ms)
Platform modules already initialized, skipping
Refreshing native plugins compatible for Editor in 0.54 ms, found 2 plugins.
Preloading 0 native plugins for Editor in 0.00 ms.
Unloading 1420 Unused Serialized files (Serialized files now loaded: 0)
System memory in use before: 68.7 MB.
System memory in use after: 68.8 MB.

Unloading 13 unused Assets to reduce memory usage. Loaded Objects now: 1870.
Total: 2.160500 ms (FindLiveObjects: 0.180100 ms CreateObjectMapping: 0.093200 ms MarkObjects: 1.858300 ms  DeleteObjects: 0.028100 ms)

AssetImportParameters requested are different than current active one (requested -> active):
  custom:framework-win-MediaFoundation: 216162199b28c13a410421893ffa2e32 -> 
  custom:video-decoder-ogg-theora: a1e56fd34408186e4bbccfd4996cb3dc -> 
  custom:container-muxer-webm: aa71ff27fc2769a1b78a27578f13a17b -> 
  custom:container-demuxer-webm: 4f35f7cbe854078d1ac9338744f61a02 -> 
  custom:container-demuxer-ogg: 62fdf1f143b41e24485cea50d1cbac27 -> 
  custom:video-encoder-webm-vp8: eb34c28f22e8b96e1ab97ce403110664 -> 
  custom:video-decoder-webm-vp8: 9c59270c3fd7afecdb556c50c9e8de78 -> 
  custom:audio-decoder-ogg-vorbis: bf7c407c2cedff20999df2af8eb42d56 -> 
  custom:audio-encoder-webm-vorbis: bf7c407c2cedff20999df2af8eb42d56 -> 
========================================================================
Received Import Request.
  Time since last request: 29.860629 seconds.
  path: Assets/Block/Block T.prefab
  artifactKey: Guid(b4ba8bf19029a4546985fa1daed5e339) Importer(815301076,1909f56bfc062723c751e8b465ee728b)
Start importing Assets/Block/Block T.prefab using Guid(b4ba8bf19029a4546985fa1daed5e339) Importer(815301076,1909f56bfc062723c751e8b465ee728b)  -> (artifact id: '169d40a5aaab93aef9d652c32a5e1071') in 0.055787 seconds 
  Import took 0.058333 seconds .

========================================================================
Received Import Request.
  Time since last request: 0.868303 seconds.
  path: Assets/Block/Block T.prefab
  artifactKey: Guid(b4ba8bf19029a4546985fa1daed5e339) Importer(815301076,1909f56bfc062723c751e8b465ee728b)
Start importing Assets/Block/Block T.prefab using Guid(b4ba8bf19029a4546985fa1daed5e339) Importer(815301076,1909f56bfc062723c751e8b465ee728b)  -> (artifact id: '958dcc269b5b2fc40580df08f1452418') in 0.016673 seconds 
  Import took 0.020110 seconds .

========================================================================
Received Import Request.
  Time since last request: 22.263773 seconds.
  path: Assets/Block/Block z2.prefab
  artifactKey: Guid(b6df6908caacddc40accecd64011efab) Importer(815301076,1909f56bfc062723c751e8b465ee728b)
Start importing Assets/Block/Block z2.prefab using Guid(b6df6908caacddc40accecd64011efab) Importer(815301076,1909f56bfc062723c751e8b465ee728b)  -> (artifact id: '7a9db0e18c4aaa048f0eb4f15447c0be') in 0.015567 seconds 
  Import took 0.019040 seconds .

========================================================================
Received Import Request.
  Time since last request: 10.267771 seconds.
  path: Assets/Block/Block z2.prefab
  artifactKey: Guid(b6df6908caacddc40accecd64011efab) Importer(815301076,1909f56bfc062723c751e8b465ee728b)
Start importing Assets/Block/Block z2.prefab using Guid(b6df6908caacddc40accecd64011efab) Importer(815301076,1909f56bfc062723c751e8b465ee728b)  -> (artifact id: 'd0f0f058cb881138b96482ff7cdc3f1b') in 0.017258 seconds 
  Import took 0.020930 seconds .

========================================================================
Received Import Request.
  Time since last request: 20.249452 seconds.
  path: Assets/Block/Block C.prefab
  artifactKey: Guid(d74d45953c8b9c845b7e6cc78f38f3be) Importer(815301076,1909f56bfc062723c751e8b465ee728b)
Start importing Assets/Block/Block C.prefab using Guid(d74d45953c8b9c845b7e6cc78f38f3be) Importer(815301076,1909f56bfc062723c751e8b465ee728b)  -> (artifact id: 'ae4ac32eff03dcf628617bf3f08032b9') in 0.022343 seconds 
  Import took 0.025976 seconds .

========================================================================
Received Import Request.
  Time since last request: 46.700715 seconds.
  path: Assets/Block/Block L2.prefab
  artifactKey: Guid(03e5dc2c8c66d3c4aa7e8e8139438d4e) Importer(815301076,1909f56bfc062723c751e8b465ee728b)
Start importing Assets/Block/Block L2.prefab using Guid(03e5dc2c8c66d3c4aa7e8e8139438d4e) Importer(815301076,1909f56bfc062723c751e8b465ee728b)  -> (artifact id: 'cb21bca896645081dcc37c9864c9fadc') in 0.021028 seconds 
  Import took 0.024135 seconds .

========================================================================
Received Import Request.
  Time since last request: 3.165754 seconds.
  path: Assets/Block/Block L2.prefab
  artifactKey: Guid(03e5dc2c8c66d3c4aa7e8e8139438d4e) Importer(815301076,1909f56bfc062723c751e8b465ee728b)
Start importing Assets/Block/Block L2.prefab using Guid(03e5dc2c8c66d3c4aa7e8e8139438d4e) Importer(815301076,1909f56bfc062723c751e8b465ee728b)  -> (artifact id: '7fce5e9df9e804950541cbd700e47090') in 0.016147 seconds 
  Import took 0.018936 seconds .

========================================================================
Received Import Request.
  Time since last request: 2.392252 seconds.
  path: Assets/Block/Block L2.prefab
  artifactKey: Guid(03e5dc2c8c66d3c4aa7e8e8139438d4e) Importer(815301076,1909f56bfc062723c751e8b465ee728b)
Start importing Assets/Block/Block L2.prefab using Guid(03e5dc2c8c66d3c4aa7e8e8139438d4e) Importer(815301076,1909f56bfc062723c751e8b465ee728b)  -> (artifact id: '5447528702ae7947b52b87e35e3ee8d2') in 0.015506 seconds 
  Import took 0.018390 seconds .

========================================================================
Received Import Request.
  Time since last request: 33.112528 seconds.
  path: Assets/Block/Block z1  .prefab
  artifactKey: Guid(4e79389aa44067c4697e41199ad3953b) Importer(815301076,1909f56bfc062723c751e8b465ee728b)
Start importing Assets/Block/Block z1  .prefab using Guid(4e79389aa44067c4697e41199ad3953b) Importer(815301076,1909f56bfc062723c751e8b465ee728b)  -> (artifact id: 'e2006bf6ac5770cf9c8e9a1e05300ece') in 0.017177 seconds 
  Import took 0.019810 seconds .

========================================================================
Received Import Request.
  Time since last request: 3.269482 seconds.
  path: Assets/Block/Block z1  .prefab
  artifactKey: Guid(4e79389aa44067c4697e41199ad3953b) Importer(815301076,1909f56bfc062723c751e8b465ee728b)
Start importing Assets/Block/Block z1  .prefab using Guid(4e79389aa44067c4697e41199ad3953b) Importer(815301076,1909f56bfc062723c751e8b465ee728b)  -> (artifact id: '6e4b2c9b34ad2c0227050916d6394874') in 0.018316 seconds 
  Import took 0.021307 seconds .

========================================================================
Received Prepare
Registering precompiled user dll's ...
Registered in 0.004897 seconds.
Begin MonoManager ReloadAssembly
Native extension for WindowsStandalone target not found
Refreshing native plugins compatible for Editor in 0.34 ms, found 2 plugins.
Preloading 0 native plugins for Editor in 0.00 ms.
Mono: successfully reloaded assembly
- Completed reload, in  0.927 seconds
Domain Reload Profiling:
	ReloadAssembly (928ms)
		BeginReloadAssembly (114ms)
			ExecutionOrderSort (0ms)
			DisableScriptedObjects (5ms)
			BackupInstance (0ms)
			ReleaseScriptingObjects (0ms)
			CreateAndSetChildDomain (34ms)
		EndReloadAssembly (754ms)
			LoadAssemblies (87ms)
			RebuildTransferFunctionScriptingTraits (0ms)
			SetupTypeCache (269ms)
			ReleaseScriptCaches (1ms)
			RebuildScriptCaches (38ms)
			SetupLoadedEditorAssemblies (266ms)
				LogAssemblyErrors (0ms)
				InitializePlatformSupportModulesInManaged (5ms)
				SetLoadedEditorAssemblies (0ms)
				RefreshPlugins (0ms)
				BeforeProcessingInitializeOnLoad (76ms)
				ProcessInitializeOnLoadAttributes (175ms)
				ProcessInitializeOnLoadMethodAttributes (4ms)
				AfterProcessingInitializeOnLoad (6ms)
				EditorAssembliesLoaded (0ms)
			ExecutionOrderSort2 (0ms)
			AwakeInstancesAfterBackupRestoration (6ms)
Platform modules already initialized, skipping
Refreshing native plugins compatible for Editor in 0.55 ms, found 2 plugins.
Preloading 0 native plugins for Editor in 0.00 ms.
Unloading 1420 Unused Serialized files (Serialized files now loaded: 0)
System memory in use before: 68.7 MB.
System memory in use after: 68.8 MB.

Unloading 13 unused Assets to reduce memory usage. Loaded Objects now: 1874.
Total: 1.876200 ms (FindLiveObjects: 0.138200 ms CreateObjectMapping: 0.048700 ms MarkObjects: 1.664600 ms  DeleteObjects: 0.023500 ms)

AssetImportParameters requested are different than current active one (requested -> active):
  custom:framework-win-MediaFoundation: 216162199b28c13a410421893ffa2e32 -> 
  custom:video-decoder-ogg-theora: a1e56fd34408186e4bbccfd4996cb3dc -> 
  custom:container-muxer-webm: aa71ff27fc2769a1b78a27578f13a17b -> 
  custom:container-demuxer-webm: 4f35f7cbe854078d1ac9338744f61a02 -> 
  custom:container-demuxer-ogg: 62fdf1f143b41e24485cea50d1cbac27 -> 
  custom:video-encoder-webm-vp8: eb34c28f22e8b96e1ab97ce403110664 -> 
  custom:video-decoder-webm-vp8: 9c59270c3fd7afecdb556c50c9e8de78 -> 
  custom:audio-decoder-ogg-vorbis: bf7c407c2cedff20999df2af8eb42d56 -> 
  custom:audio-encoder-webm-vorbis: bf7c407c2cedff20999df2af8eb42d56 -> 
========================================================================
Received Import Request.
  Time since last request: 80.355273 seconds.
  path: Assets/Block/Block L1.prefab
  artifactKey: Guid(185d4f229cd75644caa8346a9dd099fe) Importer(815301076,1909f56bfc062723c751e8b465ee728b)
Start importing Assets/Block/Block L1.prefab using Guid(185d4f229cd75644caa8346a9dd099fe) Importer(815301076,1909f56bfc062723c751e8b465ee728b)  -> (artifact id: 'fbf7a326e6831cd40ee37523c9f1727f') in 0.053115 seconds 
  Import took 0.055730 seconds .

========================================================================
Received Import Request.
  Time since last request: 0.150442 seconds.
  path: Assets/Block/Block L1.prefab
  artifactKey: Guid(185d4f229cd75644caa8346a9dd099fe) Importer(815301076,1909f56bfc062723c751e8b465ee728b)
Start importing Assets/Block/Block L1.prefab using Guid(185d4f229cd75644caa8346a9dd099fe) Importer(815301076,1909f56bfc062723c751e8b465ee728b)  -> (artifact id: '4433edac5ff05f62b3b1fa64f6649166') in 0.019193 seconds 
  Import took 0.023425 seconds .

========================================================================
Received Import Request.
  Time since last request: 1.796975 seconds.
  path: Assets/Block/Block L1.prefab
  artifactKey: Guid(185d4f229cd75644caa8346a9dd099fe) Importer(815301076,1909f56bfc062723c751e8b465ee728b)
Start importing Assets/Block/Block L1.prefab using Guid(185d4f229cd75644caa8346a9dd099fe) Importer(815301076,1909f56bfc062723c751e8b465ee728b)  -> (artifact id: 'c04e03dacd98d3eaa9dbbacd4476854b') in 0.015357 seconds 
  Import took 0.018285 seconds .

========================================================================
Received Import Request.
  Time since last request: 41.820699 seconds.
  path: Assets/Block/Block z2.prefab
  artifactKey: Guid(b6df6908caacddc40accecd64011efab) Importer(815301076,1909f56bfc062723c751e8b465ee728b)
Start importing Assets/Block/Block z2.prefab using Guid(b6df6908caacddc40accecd64011efab) Importer(815301076,1909f56bfc062723c751e8b465ee728b)  -> (artifact id: '8a80cfde92bd45e8c01536d2d2085c3e') in 0.017057 seconds 
  Import took 0.020397 seconds .

========================================================================
Received Import Request.
  Time since last request: 1.585663 seconds.
  path: Assets/Block/Block z2.prefab
  artifactKey: Guid(b6df6908caacddc40accecd64011efab) Importer(815301076,1909f56bfc062723c751e8b465ee728b)
Start importing Assets/Block/Block z2.prefab using Guid(b6df6908caacddc40accecd64011efab) Importer(815301076,1909f56bfc062723c751e8b465ee728b)  -> (artifact id: '1434762986d8e6e53a4e008ebfb6f7a5') in 0.018299 seconds 
  Import took 0.021139 seconds .

========================================================================
Received Import Request.
  Time since last request: 1.588280 seconds.
  path: Assets/Block/Block z2.prefab
  artifactKey: Guid(b6df6908caacddc40accecd64011efab) Importer(815301076,1909f56bfc062723c751e8b465ee728b)
Start importing Assets/Block/Block z2.prefab using Guid(b6df6908caacddc40accecd64011efab) Importer(815301076,1909f56bfc062723c751e8b465ee728b)  -> (artifact id: 'bc5f02b6441d1c7773a79af3f73fac63') in 0.015878 seconds 
  Import took 0.018753 seconds .

========================================================================
Received Prepare
Registering precompiled user dll's ...
Registered in 0.003919 seconds.
Begin MonoManager ReloadAssembly
Native extension for WindowsStandalone target not found
Refreshing native plugins compatible for Editor in 0.33 ms, found 2 plugins.
Preloading 0 native plugins for Editor in 0.00 ms.
Mono: successfully reloaded assembly
- Completed reload, in  0.932 seconds
Domain Reload Profiling:
	ReloadAssembly (932ms)
		BeginReloadAssembly (140ms)
			ExecutionOrderSort (0ms)
			DisableScriptedObjects (4ms)
			BackupInstance (0ms)
			ReleaseScriptingObjects (0ms)
			CreateAndSetChildDomain (53ms)
		EndReloadAssembly (733ms)
			LoadAssemblies (89ms)
			RebuildTransferFunctionScriptingTraits (0ms)
			SetupTypeCache (266ms)
			ReleaseScriptCaches (1ms)
			RebuildScriptCaches (34ms)
			SetupLoadedEditorAssemblies (261ms)
				LogAssemblyErrors (0ms)
				InitializePlatformSupportModulesInManaged (5ms)
				SetLoadedEditorAssemblies (0ms)
				RefreshPlugins (0ms)
				BeforeProcessingInitializeOnLoad (73ms)
				ProcessInitializeOnLoadAttributes (172ms)
				ProcessInitializeOnLoadMethodAttributes (4ms)
				AfterProcessingInitializeOnLoad (6ms)
				EditorAssembliesLoaded (0ms)
			ExecutionOrderSort2 (0ms)
			AwakeInstancesAfterBackupRestoration (6ms)
Platform modules already initialized, skipping
Refreshing native plugins compatible for Editor in 0.56 ms, found 2 plugins.
Preloading 0 native plugins for Editor in 0.00 ms.
Unloading 1420 Unused Serialized files (Serialized files now loaded: 0)
System memory in use before: 68.7 MB.
System memory in use after: 68.9 MB.

Unloading 13 unused Assets to reduce memory usage. Loaded Objects now: 1878.
Total: 1.945900 ms (FindLiveObjects: 0.127000 ms CreateObjectMapping: 0.046900 ms MarkObjects: 1.756300 ms  DeleteObjects: 0.014600 ms)

AssetImportParameters requested are different than current active one (requested -> active):
  custom:framework-win-MediaFoundation: 216162199b28c13a410421893ffa2e32 -> 
  custom:video-decoder-ogg-theora: a1e56fd34408186e4bbccfd4996cb3dc -> 
  custom:container-muxer-webm: aa71ff27fc2769a1b78a27578f13a17b -> 
  custom:container-demuxer-webm: 4f35f7cbe854078d1ac9338744f61a02 -> 
  custom:container-demuxer-ogg: 62fdf1f143b41e24485cea50d1cbac27 -> 
  custom:video-encoder-webm-vp8: eb34c28f22e8b96e1ab97ce403110664 -> 
  custom:video-decoder-webm-vp8: 9c59270c3fd7afecdb556c50c9e8de78 -> 
  custom:audio-decoder-ogg-vorbis: bf7c407c2cedff20999df2af8eb42d56 -> 
  custom:audio-encoder-webm-vorbis: bf7c407c2cedff20999df2af8eb42d56 -> 
========================================================================
Received Prepare
Registering precompiled user dll's ...
Registered in 0.004122 seconds.
Begin MonoManager ReloadAssembly
Native extension for WindowsStandalone target not found
Refreshing native plugins compatible for Editor in 0.34 ms, found 2 plugins.
Preloading 0 native plugins for Editor in 0.00 ms.
Mono: successfully reloaded assembly
- Completed reload, in  0.955 seconds
Domain Reload Profiling:
	ReloadAssembly (955ms)
		BeginReloadAssembly (121ms)
			ExecutionOrderSort (0ms)
			DisableScriptedObjects (4ms)
			BackupInstance (0ms)
			ReleaseScriptingObjects (0ms)
			CreateAndSetChildDomain (34ms)
		EndReloadAssembly (773ms)
			LoadAssemblies (89ms)
			RebuildTransferFunctionScriptingTraits (0ms)
			SetupTypeCache (275ms)
			ReleaseScriptCaches (1ms)
			RebuildScriptCaches (37ms)
			SetupLoadedEditorAssemblies (279ms)
				LogAssemblyErrors (0ms)
				InitializePlatformSupportModulesInManaged (5ms)
				SetLoadedEditorAssemblies (0ms)
				RefreshPlugins (0ms)
				BeforeProcessingInitializeOnLoad (82ms)
				ProcessInitializeOnLoadAttributes (181ms)
				ProcessInitializeOnLoadMethodAttributes (4ms)
				AfterProcessingInitializeOnLoad (8ms)
				EditorAssembliesLoaded (0ms)
			ExecutionOrderSort2 (0ms)
			AwakeInstancesAfterBackupRestoration (6ms)
Platform modules already initialized, skipping
Refreshing native plugins compatible for Editor in 0.56 ms, found 2 plugins.
Preloading 0 native plugins for Editor in 0.00 ms.
Unloading 1420 Unused Serialized files (Serialized files now loaded: 0)
System memory in use before: 68.7 MB.
System memory in use after: 68.9 MB.

Unloading 13 unused Assets to reduce memory usage. Loaded Objects now: 1881.
Total: 2.002000 ms (FindLiveObjects: 0.181100 ms CreateObjectMapping: 0.070900 ms MarkObjects: 1.733100 ms  DeleteObjects: 0.015800 ms)

AssetImportParameters requested are different than current active one (requested -> active):
  custom:framework-win-MediaFoundation: 216162199b28c13a410421893ffa2e32 -> 
  custom:video-decoder-ogg-theora: a1e56fd34408186e4bbccfd4996cb3dc -> 
  custom:container-muxer-webm: aa71ff27fc2769a1b78a27578f13a17b -> 
  custom:container-demuxer-webm: 4f35f7cbe854078d1ac9338744f61a02 -> 
  custom:container-demuxer-ogg: 62fdf1f143b41e24485cea50d1cbac27 -> 
  custom:video-encoder-webm-vp8: eb34c28f22e8b96e1ab97ce403110664 -> 
  custom:video-decoder-webm-vp8: 9c59270c3fd7afecdb556c50c9e8de78 -> 
  custom:audio-decoder-ogg-vorbis: bf7c407c2cedff20999df2af8eb42d56 -> 
  custom:audio-encoder-webm-vorbis: bf7c407c2cedff20999df2af8eb42d56 -> 
========================================================================
Received Prepare
Registering precompiled user dll's ...
Registered in 0.004097 seconds.
Begin MonoManager ReloadAssembly
Native extension for WindowsStandalone target not found
Refreshing native plugins compatible for Editor in 0.33 ms, found 2 plugins.
Preloading 0 native plugins for Editor in 0.00 ms.
Mono: successfully reloaded assembly
- Completed reload, in  0.896 seconds
Domain Reload Profiling:
	ReloadAssembly (897ms)
		BeginReloadAssembly (113ms)
			ExecutionOrderSort (0ms)
			DisableScriptedObjects (4ms)
			BackupInstance (0ms)
			ReleaseScriptingObjects (0ms)
			CreateAndSetChildDomain (29ms)
		EndReloadAssembly (722ms)
			LoadAssemblies (87ms)
			RebuildTransferFunctionScriptingTraits (0ms)
			SetupTypeCache (253ms)
			ReleaseScriptCaches (1ms)
			RebuildScriptCaches (35ms)
			SetupLoadedEditorAssemblies (264ms)
				LogAssemblyErrors (0ms)
				InitializePlatformSupportModulesInManaged (5ms)
				SetLoadedEditorAssemblies (0ms)
				RefreshPlugins (0ms)
				BeforeProcessingInitializeOnLoad (72ms)
				ProcessInitializeOnLoadAttributes (177ms)
				ProcessInitializeOnLoadMethodAttributes (4ms)
				AfterProcessingInitializeOnLoad (6ms)
				EditorAssembliesLoaded (0ms)
			ExecutionOrderSort2 (0ms)
			AwakeInstancesAfterBackupRestoration (6ms)
Platform modules already initialized, skipping
Refreshing native plugins compatible for Editor in 0.57 ms, found 2 plugins.
Preloading 0 native plugins for Editor in 0.00 ms.
Unloading 1420 Unused Serialized files (Serialized files now loaded: 0)
System memory in use before: 68.8 MB.
System memory in use after: 68.9 MB.

Unloading 13 unused Assets to reduce memory usage. Loaded Objects now: 1884.
Total: 2.178200 ms (FindLiveObjects: 0.165500 ms CreateObjectMapping: 0.101600 ms MarkObjects: 1.885800 ms  DeleteObjects: 0.024300 ms)

AssetImportParameters requested are different than current active one (requested -> active):
  custom:framework-win-MediaFoundation: 216162199b28c13a410421893ffa2e32 -> 
  custom:video-decoder-ogg-theora: a1e56fd34408186e4bbccfd4996cb3dc -> 
  custom:container-muxer-webm: aa71ff27fc2769a1b78a27578f13a17b -> 
  custom:container-demuxer-webm: 4f35f7cbe854078d1ac9338744f61a02 -> 
  custom:container-demuxer-ogg: 62fdf1f143b41e24485cea50d1cbac27 -> 
  custom:video-encoder-webm-vp8: eb34c28f22e8b96e1ab97ce403110664 -> 
  custom:video-decoder-webm-vp8: 9c59270c3fd7afecdb556c50c9e8de78 -> 
  custom:audio-decoder-ogg-vorbis: bf7c407c2cedff20999df2af8eb42d56 -> 
  custom:audio-encoder-webm-vorbis: bf7c407c2cedff20999df2af8eb42d56 -> 
AssetImportWorkerClient::OnTransportError - code=2 error=End of file
